<?xml version="1.0" encoding="utf-8" standalone="no"?>
<!--This file represents the results of running a test suite-->
<test-results name="D:\Code\HSA\HousingStatistics\Test\bin\Debug\Test.exe" total="1" errors="1" failures="0" not-run="0" inconclusive="0" ignored="0" skipped="0" invalid="0" date="2012-05-18" time="12:42:55">
  <environment nunit-version="2.6.0.12051" clr-version="2.0.50727.5448" os-version="Microsoft Windows NT 6.1.7601 Service Pack 1" platform="Win32NT" cwd="D:\Code\HSA\HousingStatistics\Test" machine-name="ONE7-FAL131125" user="jackowiakj" user-domain="FAL" />
  <culture-info current-culture="en-AU" current-uiculture="en-US" />
  <test-suite type="Assembly" name="D:\Code\HSA\HousingStatistics\Test\bin\Debug\Test.exe" executed="True" result="Failure" success="False" time="0.829" asserts="0">
    <results>
      <test-suite type="Namespace" name="Test" executed="True" result="Failure" success="False" time="0.824" asserts="0">
        <results>
          <test-suite type="TestFixture" name="TriggerMatchTest" executed="True" result="Failure" success="False" time="0.823" asserts="0">
            <results>
              <test-case name="Test.TriggerMatchTest.TestPattern1" executed="True" result="Error" success="False" time="0.027" asserts="0">
                <failure>
                  <message><![CDATA[System.IndexOutOfRangeException : Index was outside the bounds of the array.]]></message>
                  <stack-trace><![CDATA[at Build.BuildRelationships.TriggerInRuleMatch(Trigger trigger, RuleDefinition rule, List`1 _links) in D:\Code\HSA\HousingStatistics\Build\BuildRelationships.cs:line 376
at Test.TriggerMatchTest.TestTriggerMatch() in D:\Code\HSA\HousingStatistics\Test\TriggerMatchTest.cs:line 84
at Test.TriggerMatchTest.TestPattern1() in D:\Code\HSA\HousingStatistics\Test\TriggerMatchTest.cs:line 47
]]></stack-trace>
                </failure>
              </test-case>
            </results>
          </test-suite>
        </results>
      </test-suite>
    </results>
  </test-suite>
</test-results>